2020-05-14 14:32:58,690 INFO o.s.b.StartupInfoLogger [restartedMain] Starting Application on LAP12580s-MacBook-Pro.local with PID 4323 (/Users/toan/personal/web-admin-template/server/java/springboot-template/target/classes started by toan in /Users/toan/personal/web-admin-template/server/java/springboot-template)
2020-05-14 14:32:58,710 INFO o.s.b.SpringApplication [restartedMain] The following profiles are active: local
2020-05-14 14:32:58,806 INFO o.s.b.l.DeferredLog [restartedMain] The Class-Path manifest attribute in /Users/toan/.m2/repository/com/sun/xml/bind/jaxb-impl/2.2.3-1/jaxb-impl-2.2.3-1.jar referenced one or more files that do not exist: file:/Users/toan/.m2/repository/com/sun/xml/bind/jaxb-impl/2.2.3-1/jaxb-api.jar,file:/Users/toan/.m2/repository/com/sun/xml/bind/jaxb-impl/2.2.3-1/activation.jar,file:/Users/toan/.m2/repository/com/sun/xml/bind/jaxb-impl/2.2.3-1/jsr173_1.0_api.jar,file:/Users/toan/.m2/repository/com/sun/xml/bind/jaxb-impl/2.2.3-1/jaxb1-impl.jar
2020-05-14 14:32:58,807 INFO o.s.b.l.DeferredLog [restartedMain] Devtools property defaults active! Set 'spring.devtools.add-properties' to 'false' to disable
2020-05-14 14:32:58,808 INFO o.s.b.l.DeferredLog [restartedMain] For additional web related logging consider setting the 'logging.level.web' property to 'DEBUG'
2020-05-14 14:33:00,902 INFO o.s.c.s.PostProcessorRegistrationDelegate$BeanPostProcessorChecker [restartedMain] Bean 'org.springframework.security.access.expression.method.DefaultMethodSecurityExpressionHandler@55c5f8e3' of type [org.springframework.security.access.expression.method.DefaultMethodSecurityExpressionHandler] is not eligible for getting processed by all BeanPostProcessors (for example: not eligible for auto-proxying)
2020-05-14 14:33:00,921 INFO o.s.c.s.PostProcessorRegistrationDelegate$BeanPostProcessorChecker [restartedMain] Bean 'methodSecurityMetadataSource' of type [org.springframework.security.access.method.DelegatingMethodSecurityMetadataSource] is not eligible for getting processed by all BeanPostProcessors (for example: not eligible for auto-proxying)
2020-05-14 14:33:01,319 INFO o.s.b.w.e.t.TomcatWebServer [restartedMain] Tomcat initialized with port(s): 8989 (http)
2020-05-14 14:33:01,334 INFO o.a.j.l.DirectJDKLog [restartedMain] Initializing ProtocolHandler ["http-nio-8989"]
2020-05-14 14:33:01,334 INFO o.a.j.l.DirectJDKLog [restartedMain] Starting service [Tomcat]
2020-05-14 14:33:01,335 INFO o.a.j.l.DirectJDKLog [restartedMain] Starting Servlet engine: [Apache Tomcat/9.0.34]
2020-05-14 14:33:01,422 INFO o.a.j.l.DirectJDKLog [restartedMain] Initializing Spring embedded WebApplicationContext
2020-05-14 14:33:01,422 INFO o.s.b.w.s.c.ServletWebServerApplicationContext [restartedMain] Root WebApplicationContext: initialization completed in 2614 ms
2020-05-14 14:33:02,270 INFO o.s.b.a.e.w.EndpointLinksResolver [restartedMain] Exposing 1 endpoint(s) beneath base path '/actuator'
2020-05-14 14:33:02,314 INFO o.s.s.w.DefaultSecurityFilterChain [restartedMain] Creating filter chain: any request, [org.springframework.security.web.context.request.async.WebAsyncManagerIntegrationFilter@46e9bcf7, org.springframework.security.web.context.SecurityContextPersistenceFilter@65c3baad, org.springframework.security.web.header.HeaderWriterFilter@5f4342a8, org.springframework.web.filter.CorsFilter@48cb868f, org.springframework.security.web.authentication.logout.LogoutFilter@4fd74f64, org.springframework.security.web.savedrequest.RequestCacheAwareFilter@76de011, org.springframework.security.web.servletapi.SecurityContextHolderAwareRequestFilter@774c12f8, org.springframework.security.web.authentication.AnonymousAuthenticationFilter@3a37afae, org.springframework.security.web.session.SessionManagementFilter@4c7c7731, org.springframework.security.web.access.ExceptionTranslationFilter@6a7226f2, org.springframework.security.web.access.intercept.FilterSecurityInterceptor@77f6b2d]
2020-05-14 14:33:02,389 INFO o.s.s.c.ExecutorConfigurationSupport [restartedMain] Initializing ExecutorService 'applicationTaskExecutor'
2020-05-14 14:33:02,700 INFO o.s.b.d.a.OptionalLiveReloadServer [restartedMain] LiveReload server is running on port 35729
2020-05-14 14:33:02,753 INFO o.a.j.l.DirectJDKLog [restartedMain] Starting ProtocolHandler ["http-nio-8989"]
2020-05-14 14:33:02,785 INFO o.s.b.w.e.t.TomcatWebServer [restartedMain] Tomcat started on port(s): 8989 (http) with context path ''
2020-05-14 14:33:02,788 INFO o.s.b.StartupInfoLogger [restartedMain] Started Application in 4.792 seconds (JVM running for 6.693)
2020-05-14 14:33:02,795 INFO o.l.s.g.GRpcServerRunner [restartedMain] Starting gRPC Server ...
2020-05-14 14:33:02,831 INFO o.l.s.g.GRpcServerRunner [restartedMain] 'vn.toanhda.springboottemplate.controller.grpc.PingRpc' service has been registered.
2020-05-14 14:33:02,956 INFO o.l.s.g.GRpcServerRunner [restartedMain] gRPC Server started, listening on port 8990.
2020-05-14 14:33:03,437 INFO o.a.j.l.DirectJDKLog [RMI TCP Connection(2)-127.0.0.1] Initializing Spring DispatcherServlet 'dispatcherServlet'
2020-05-14 14:33:03,437 INFO o.s.w.s.FrameworkServlet [RMI TCP Connection(2)-127.0.0.1] Initializing Servlet 'dispatcherServlet'
2020-05-14 14:33:03,453 INFO o.s.w.s.FrameworkServlet [RMI TCP Connection(2)-127.0.0.1] Completed initialization in 15 ms
2020-05-14 14:34:23,287 WARN o.s.w.s.h.AbstractHandlerExceptionResolver [http-nio-8989-exec-1] Resolved [org.springframework.web.HttpRequestMethodNotSupportedException: Request method 'GET' not supported]
2020-05-14 14:34:53,673 INFO o.l.s.g.GRpcServerRunner [SpringContextShutdownHook] Shutting down gRPC server ...
2020-05-14 14:34:53,677 INFO o.l.s.g.GRpcServerRunner [SpringContextShutdownHook] gRPC server stopped.
2020-05-14 14:34:53,677 INFO o.s.s.c.ExecutorConfigurationSupport [SpringContextShutdownHook] Shutting down ExecutorService 'applicationTaskExecutor'
