2020-05-14 14:29:16,129 INFO o.s.b.StartupInfoLogger [restartedMain] Starting Application on LAP12580s-MacBook-Pro.local with PID 4271 (/Users/toan/personal/web-admin-template/server/java/springboot-template/target/classes started by toan in /Users/toan/personal/web-admin-template/server/java/springboot-template)
2020-05-14 14:29:16,168 INFO o.s.b.SpringApplication [restartedMain] The following profiles are active: local
2020-05-14 14:29:16,346 INFO o.s.b.l.DeferredLog [restartedMain] The Class-Path manifest attribute in /Users/toan/.m2/repository/com/sun/xml/bind/jaxb-impl/2.2.3-1/jaxb-impl-2.2.3-1.jar referenced one or more files that do not exist: file:/Users/toan/.m2/repository/com/sun/xml/bind/jaxb-impl/2.2.3-1/jaxb-api.jar,file:/Users/toan/.m2/repository/com/sun/xml/bind/jaxb-impl/2.2.3-1/activation.jar,file:/Users/toan/.m2/repository/com/sun/xml/bind/jaxb-impl/2.2.3-1/jsr173_1.0_api.jar,file:/Users/toan/.m2/repository/com/sun/xml/bind/jaxb-impl/2.2.3-1/jaxb1-impl.jar
2020-05-14 14:29:16,347 INFO o.s.b.l.DeferredLog [restartedMain] Devtools property defaults active! Set 'spring.devtools.add-properties' to 'false' to disable
2020-05-14 14:29:16,347 INFO o.s.b.l.DeferredLog [restartedMain] For additional web related logging consider setting the 'logging.level.web' property to 'DEBUG'
2020-05-14 14:29:22,702 INFO o.s.d.r.c.RepositoryConfigurationDelegate [restartedMain] Multiple Spring Data modules found, entering strict repository configuration mode!
2020-05-14 14:29:22,706 INFO o.s.d.r.c.RepositoryConfigurationDelegate [restartedMain] Bootstrapping Spring Data MongoDB repositories in DEFAULT mode.
2020-05-14 14:29:22,737 INFO o.s.d.r.c.RepositoryConfigurationDelegate [restartedMain] Finished Spring Data repository scanning in 25ms. Found 0 MongoDB repository interfaces.
2020-05-14 14:29:24,646 INFO o.s.c.s.PostProcessorRegistrationDelegate$BeanPostProcessorChecker [restartedMain] Bean 'org.springframework.security.access.expression.method.DefaultMethodSecurityExpressionHandler@4743fbad' of type [org.springframework.security.access.expression.method.DefaultMethodSecurityExpressionHandler] is not eligible for getting processed by all BeanPostProcessors (for example: not eligible for auto-proxying)
2020-05-14 14:29:24,672 INFO o.s.c.s.PostProcessorRegistrationDelegate$BeanPostProcessorChecker [restartedMain] Bean 'methodSecurityMetadataSource' of type [org.springframework.security.access.method.DelegatingMethodSecurityMetadataSource] is not eligible for getting processed by all BeanPostProcessors (for example: not eligible for auto-proxying)
2020-05-14 14:29:26,250 INFO o.s.b.w.e.t.TomcatWebServer [restartedMain] Tomcat initialized with port(s): 8989 (http)
2020-05-14 14:29:26,272 INFO o.a.j.l.DirectJDKLog [restartedMain] Initializing ProtocolHandler ["http-nio-8989"]
2020-05-14 14:29:26,276 INFO o.a.j.l.DirectJDKLog [restartedMain] Starting service [Tomcat]
2020-05-14 14:29:26,277 INFO o.a.j.l.DirectJDKLog [restartedMain] Starting Servlet engine: [Apache Tomcat/9.0.34]
2020-05-14 14:29:26,569 INFO o.a.j.l.DirectJDKLog [restartedMain] Initializing Spring embedded WebApplicationContext
2020-05-14 14:29:26,570 INFO o.s.b.w.s.c.ServletWebServerApplicationContext [restartedMain] Root WebApplicationContext: initialization completed in 10222 ms
2020-05-14 14:29:27,948 INFO c.m.d.l.SLF4JLogger [restartedMain] Cluster created with settings {hosts=[localhost:27017], mode=SINGLE, requiredClusterType=UNKNOWN, serverSelectionTimeout='30000 ms', maxWaitQueueSize=500}
2020-05-14 14:29:28,091 INFO c.m.d.l.SLF4JLogger [cluster-ClusterId{value='5ebcf3575d224f0ef4ea6ae6', description='null'}-localhost:27017] Exception in monitor thread while connecting to server localhost:27017
com.mongodb.MongoSocketOpenException: Exception opening socket
	at com.mongodb.internal.connection.SocketStream.open(SocketStream.java:70) ~[mongodb-driver-core-3.11.2.jar:?]
	at com.mongodb.internal.connection.InternalStreamConnection.open(InternalStreamConnection.java:128) ~[mongodb-driver-core-3.11.2.jar:?]
	at com.mongodb.internal.connection.DefaultServerMonitor$ServerMonitorRunnable.run(DefaultServerMonitor.java:117) [mongodb-driver-core-3.11.2.jar:?]
	at java.lang.Thread.run(Thread.java:748) [?:1.8.0_211]
Caused by: java.net.ConnectException: Connection refused (Connection refused)
	at java.net.PlainSocketImpl.socketConnect(Native Method) ~[?:1.8.0_211]
	at java.net.AbstractPlainSocketImpl.doConnect(AbstractPlainSocketImpl.java:350) ~[?:1.8.0_211]
	at java.net.AbstractPlainSocketImpl.connectToAddress(AbstractPlainSocketImpl.java:206) ~[?:1.8.0_211]
	at java.net.AbstractPlainSocketImpl.connect(AbstractPlainSocketImpl.java:188) ~[?:1.8.0_211]
	at java.net.SocksSocketImpl.connect(SocksSocketImpl.java:392) ~[?:1.8.0_211]
	at java.net.Socket.connect(Socket.java:589) ~[?:1.8.0_211]
	at com.mongodb.internal.connection.SocketStreamHelper.initialize(SocketStreamHelper.java:64) ~[mongodb-driver-core-3.11.2.jar:?]
	at com.mongodb.internal.connection.SocketStream.initializeSocket(SocketStream.java:79) ~[mongodb-driver-core-3.11.2.jar:?]
	at com.mongodb.internal.connection.SocketStream.open(SocketStream.java:65) ~[mongodb-driver-core-3.11.2.jar:?]
	... 3 more
2020-05-14 14:29:30,540 INFO o.s.b.a.e.w.EndpointLinksResolver [restartedMain] Exposing 1 endpoint(s) beneath base path '/actuator'
2020-05-14 14:29:30,621 INFO o.s.s.w.DefaultSecurityFilterChain [restartedMain] Creating filter chain: any request, [org.springframework.security.web.context.request.async.WebAsyncManagerIntegrationFilter@221b54c4, org.springframework.security.web.context.SecurityContextPersistenceFilter@5a65095, org.springframework.security.web.header.HeaderWriterFilter@4204e0c, org.springframework.web.filter.CorsFilter@5c69c825, org.springframework.security.web.authentication.logout.LogoutFilter@2d668e7d, org.springframework.security.web.savedrequest.RequestCacheAwareFilter@7aebdbb, org.springframework.security.web.servletapi.SecurityContextHolderAwareRequestFilter@333de780, org.springframework.security.web.authentication.AnonymousAuthenticationFilter@1943c2c5, org.springframework.security.web.session.SessionManagementFilter@13e907a6, org.springframework.security.web.access.ExceptionTranslationFilter@59b2dbaf, org.springframework.security.web.access.intercept.FilterSecurityInterceptor@6994c2b1]
2020-05-14 14:29:30,825 INFO o.s.s.c.ExecutorConfigurationSupport [restartedMain] Initializing ExecutorService 'applicationTaskExecutor'
2020-05-14 14:29:31,178 INFO o.s.b.d.a.OptionalLiveReloadServer [restartedMain] LiveReload server is running on port 35729
2020-05-14 14:29:31,228 INFO o.a.j.l.DirectJDKLog [restartedMain] Starting ProtocolHandler ["http-nio-8989"]
2020-05-14 14:29:31,271 INFO o.s.b.w.e.t.TomcatWebServer [restartedMain] Tomcat started on port(s): 8989 (http) with context path ''
2020-05-14 14:29:31,283 INFO o.s.b.StartupInfoLogger [restartedMain] Started Application in 16.104 seconds (JVM running for 20.926)
2020-05-14 14:29:31,288 INFO o.l.s.g.GRpcServerRunner [restartedMain] Starting gRPC Server ...
2020-05-14 14:29:31,326 INFO o.l.s.g.GRpcServerRunner [restartedMain] 'vn.toanhda.springboottemplate.controller.grpc.PingRpc' service has been registered.
2020-05-14 14:29:31,484 INFO o.l.s.g.GRpcServerRunner [restartedMain] gRPC Server started, listening on port 8990.
2020-05-14 14:29:31,854 INFO o.a.j.l.DirectJDKLog [RMI TCP Connection(3)-127.0.0.1] Initializing Spring DispatcherServlet 'dispatcherServlet'
2020-05-14 14:29:31,854 INFO o.s.w.s.FrameworkServlet [RMI TCP Connection(3)-127.0.0.1] Initializing Servlet 'dispatcherServlet'
2020-05-14 14:29:31,866 INFO o.s.w.s.FrameworkServlet [RMI TCP Connection(3)-127.0.0.1] Completed initialization in 12 ms
2020-05-14 14:29:31,871 INFO c.m.d.l.SLF4JLogger [RMI TCP Connection(1)-127.0.0.1] Cluster description not yet available. Waiting for 30000 ms before timing out
2020-05-14 14:30:01,876 WARN o.s.b.a.h.AbstractHealthIndicator [RMI TCP Connection(1)-127.0.0.1] MongoDB health check failed
org.springframework.dao.DataAccessResourceFailureException: Timed out after 30000 ms while waiting to connect. Client view of cluster state is {type=UNKNOWN, servers=[{address=localhost:27017, type=UNKNOWN, state=CONNECTING, exception={com.mongodb.MongoSocketOpenException: Exception opening socket}, caused by {java.net.ConnectException: Connection refused (Connection refused)}}]; nested exception is com.mongodb.MongoTimeoutException: Timed out after 30000 ms while waiting to connect. Client view of cluster state is {type=UNKNOWN, servers=[{address=localhost:27017, type=UNKNOWN, state=CONNECTING, exception={com.mongodb.MongoSocketOpenException: Exception opening socket}, caused by {java.net.ConnectException: Connection refused (Connection refused)}}]
	at org.springframework.data.mongodb.core.MongoExceptionTranslator.translateExceptionIfPossible(MongoExceptionTranslator.java:90) ~[spring-data-mongodb-2.2.7.RELEASE.jar:2.2.7.RELEASE]
	at org.springframework.data.mongodb.core.MongoTemplate.potentiallyConvertRuntimeException(MongoTemplate.java:2902) ~[spring-data-mongodb-2.2.7.RELEASE.jar:2.2.7.RELEASE]
	at org.springframework.data.mongodb.core.MongoTemplate.execute(MongoTemplate.java:560) ~[spring-data-mongodb-2.2.7.RELEASE.jar:2.2.7.RELEASE]
	at org.springframework.data.mongodb.core.MongoTemplate.executeCommand(MongoTemplate.java:476) ~[spring-data-mongodb-2.2.7.RELEASE.jar:2.2.7.RELEASE]
	at org.springframework.boot.actuate.mongo.MongoHealthIndicator.doHealthCheck(MongoHealthIndicator.java:46) ~[spring-boot-actuator-2.2.7.RELEASE.jar:2.2.7.RELEASE]
	at org.springframework.boot.actuate.health.AbstractHealthIndicator.health(AbstractHealthIndicator.java:82) ~[spring-boot-actuator-2.2.7.RELEASE.jar:2.2.7.RELEASE]
	at org.springframework.boot.actuate.health.HealthIndicator.getHealth(HealthIndicator.java:37) ~[spring-boot-actuator-2.2.7.RELEASE.jar:2.2.7.RELEASE]
	at org.springframework.boot.actuate.health.HealthEndpoint.getHealth(HealthEndpoint.java:81) ~[spring-boot-actuator-2.2.7.RELEASE.jar:2.2.7.RELEASE]
	at org.springframework.boot.actuate.health.HealthEndpoint.getHealth(HealthEndpoint.java:38) ~[spring-boot-actuator-2.2.7.RELEASE.jar:2.2.7.RELEASE]
	at org.springframework.boot.actuate.health.HealthEndpointSupport.getContribution(HealthEndpointSupport.java:108) ~[spring-boot-actuator-2.2.7.RELEASE.jar:2.2.7.RELEASE]
	at org.springframework.boot.actuate.health.HealthEndpointSupport.getAggregateHealth(HealthEndpointSupport.java:119) ~[spring-boot-actuator-2.2.7.RELEASE.jar:2.2.7.RELEASE]
	at org.springframework.boot.actuate.health.HealthEndpointSupport.getContribution(HealthEndpointSupport.java:105) ~[spring-boot-actuator-2.2.7.RELEASE.jar:2.2.7.RELEASE]
	at org.springframework.boot.actuate.health.HealthEndpointSupport.getHealth(HealthEndpointSupport.java:83) ~[spring-boot-actuator-2.2.7.RELEASE.jar:2.2.7.RELEASE]
	at org.springframework.boot.actuate.health.HealthEndpointSupport.getHealth(HealthEndpointSupport.java:70) ~[spring-boot-actuator-2.2.7.RELEASE.jar:2.2.7.RELEASE]
	at org.springframework.boot.actuate.health.HealthEndpoint.health(HealthEndpoint.java:75) ~[spring-boot-actuator-2.2.7.RELEASE.jar:2.2.7.RELEASE]
	at org.springframework.boot.actuate.health.HealthEndpoint.health(HealthEndpoint.java:65) ~[spring-boot-actuator-2.2.7.RELEASE.jar:2.2.7.RELEASE]
	at sun.reflect.NativeMethodAccessorImpl.invoke0(Native Method) ~[?:1.8.0_211]
	at sun.reflect.NativeMethodAccessorImpl.invoke(NativeMethodAccessorImpl.java:62) ~[?:1.8.0_211]
	at sun.reflect.DelegatingMethodAccessorImpl.invoke(DelegatingMethodAccessorImpl.java:43) ~[?:1.8.0_211]
	at java.lang.reflect.Method.invoke(Method.java:498) ~[?:1.8.0_211]
	at org.springframework.util.ReflectionUtils.invokeMethod(ReflectionUtils.java:282) ~[spring-core-5.2.6.RELEASE.jar:5.2.6.RELEASE]
	at org.springframework.boot.actuate.endpoint.invoke.reflect.ReflectiveOperationInvoker.invoke(ReflectiveOperationInvoker.java:77) ~[spring-boot-actuator-2.2.7.RELEASE.jar:2.2.7.RELEASE]
	at org.springframework.boot.actuate.endpoint.annotation.AbstractDiscoveredOperation.invoke(AbstractDiscoveredOperation.java:60) ~[spring-boot-actuator-2.2.7.RELEASE.jar:2.2.7.RELEASE]
	at org.springframework.boot.actuate.endpoint.jmx.EndpointMBean.invoke(EndpointMBean.java:121) ~[spring-boot-actuator-2.2.7.RELEASE.jar:2.2.7.RELEASE]
	at org.springframework.boot.actuate.endpoint.jmx.EndpointMBean.invoke(EndpointMBean.java:96) ~[spring-boot-actuator-2.2.7.RELEASE.jar:2.2.7.RELEASE]
	at com.sun.jmx.interceptor.DefaultMBeanServerInterceptor.invoke(DefaultMBeanServerInterceptor.java:819) ~[?:1.8.0_211]
	at com.sun.jmx.mbeanserver.JmxMBeanServer.invoke(JmxMBeanServer.java:801) ~[?:1.8.0_211]
	at javax.management.remote.rmi.RMIConnectionImpl.doOperation(RMIConnectionImpl.java:1468) ~[?:1.8.0_211]
	at javax.management.remote.rmi.RMIConnectionImpl.access$300(RMIConnectionImpl.java:76) ~[?:1.8.0_211]
	at javax.management.remote.rmi.RMIConnectionImpl$PrivilegedOperation.run(RMIConnectionImpl.java:1309) ~[?:1.8.0_211]
	at javax.management.remote.rmi.RMIConnectionImpl.doPrivilegedOperation(RMIConnectionImpl.java:1401) ~[?:1.8.0_211]
	at javax.management.remote.rmi.RMIConnectionImpl.invoke(RMIConnectionImpl.java:829) ~[?:1.8.0_211]
	at sun.reflect.GeneratedMethodAccessor55.invoke(Unknown Source) ~[?:?]
	at sun.reflect.DelegatingMethodAccessorImpl.invoke(DelegatingMethodAccessorImpl.java:43) ~[?:1.8.0_211]
	at java.lang.reflect.Method.invoke(Method.java:498) ~[?:1.8.0_211]
	at sun.rmi.server.UnicastServerRef.dispatch(UnicastServerRef.java:357) ~[?:1.8.0_211]
	at sun.rmi.transport.Transport$1.run(Transport.java:200) ~[?:1.8.0_211]
	at sun.rmi.transport.Transport$1.run(Transport.java:197) ~[?:1.8.0_211]
	at java.security.AccessController.doPrivileged(Native Method) ~[?:1.8.0_211]
	at sun.rmi.transport.Transport.serviceCall(Transport.java:196) ~[?:1.8.0_211]
	at sun.rmi.transport.tcp.TCPTransport.handleMessages(TCPTransport.java:573) ~[?:1.8.0_211]
	at sun.rmi.transport.tcp.TCPTransport$ConnectionHandler.run0(TCPTransport.java:834) ~[?:1.8.0_211]
	at sun.rmi.transport.tcp.TCPTransport$ConnectionHandler.lambda$run$0(TCPTransport.java:688) ~[?:1.8.0_211]
	at java.security.AccessController.doPrivileged(Native Method) ~[?:1.8.0_211]
	at sun.rmi.transport.tcp.TCPTransport$ConnectionHandler.run(TCPTransport.java:687) [?:1.8.0_211]
	at java.util.concurrent.ThreadPoolExecutor.runWorker(ThreadPoolExecutor.java:1149) [?:1.8.0_211]
	at java.util.concurrent.ThreadPoolExecutor$Worker.run(ThreadPoolExecutor.java:624) [?:1.8.0_211]
	at java.lang.Thread.run(Thread.java:748) [?:1.8.0_211]
Caused by: com.mongodb.MongoTimeoutException: Timed out after 30000 ms while waiting to connect. Client view of cluster state is {type=UNKNOWN, servers=[{address=localhost:27017, type=UNKNOWN, state=CONNECTING, exception={com.mongodb.MongoSocketOpenException: Exception opening socket}, caused by {java.net.ConnectException: Connection refused (Connection refused)}}]
	at com.mongodb.internal.connection.BaseCluster.getDescription(BaseCluster.java:182) ~[mongodb-driver-core-3.11.2.jar:?]
	at com.mongodb.internal.connection.SingleServerCluster.getDescription(SingleServerCluster.java:41) ~[mongodb-driver-core-3.11.2.jar:?]
	at com.mongodb.client.internal.MongoClientDelegate.getConnectedClusterDescription(MongoClientDelegate.java:145) ~[mongodb-driver-3.11.2.jar:?]
	at com.mongodb.client.internal.MongoClientDelegate.createClientSession(MongoClientDelegate.java:100) ~[mongodb-driver-3.11.2.jar:?]
	at com.mongodb.client.internal.MongoClientDelegate$DelegateOperationExecutor.getClientSession(MongoClientDelegate.java:277) ~[mongodb-driver-3.11.2.jar:?]
	at com.mongodb.client.internal.MongoClientDelegate$DelegateOperationExecutor.execute(MongoClientDelegate.java:181) ~[mongodb-driver-3.11.2.jar:?]
	at com.mongodb.client.internal.MongoDatabaseImpl.executeCommand(MongoDatabaseImpl.java:186) ~[mongodb-driver-3.11.2.jar:?]
	at com.mongodb.client.internal.MongoDatabaseImpl.runCommand(MongoDatabaseImpl.java:155) ~[mongodb-driver-3.11.2.jar:?]
	at com.mongodb.client.internal.MongoDatabaseImpl.runCommand(MongoDatabaseImpl.java:150) ~[mongodb-driver-3.11.2.jar:?]
	at org.springframework.data.mongodb.core.MongoTemplate.lambda$executeCommand$2(MongoTemplate.java:476) ~[spring-data-mongodb-2.2.7.RELEASE.jar:2.2.7.RELEASE]
	at org.springframework.data.mongodb.core.MongoTemplate.execute(MongoTemplate.java:558) ~[spring-data-mongodb-2.2.7.RELEASE.jar:2.2.7.RELEASE]
	... 45 more
2020-05-14 14:32:46,577 INFO o.l.s.g.GRpcServerRunner [SpringContextShutdownHook] Shutting down gRPC server ...
2020-05-14 14:32:46,583 INFO o.l.s.g.GRpcServerRunner [SpringContextShutdownHook] gRPC server stopped.
2020-05-14 14:32:46,584 INFO o.s.s.c.ExecutorConfigurationSupport [SpringContextShutdownHook] Shutting down ExecutorService 'applicationTaskExecutor'
