2020-05-14 14:40:58,182 INFO o.s.b.StartupInfoLogger [restartedMain] Starting Application on LAP12580s-MacBook-Pro.local with PID 4459 (/Users/toan/personal/web-admin-template/server/java/springboot-template/target/classes started by toan in /Users/toan/personal/web-admin-template/server/java/springboot-template)
2020-05-14 14:40:58,194 INFO o.s.b.SpringApplication [restartedMain] The following profiles are active: local
2020-05-14 14:40:58,250 INFO o.s.b.l.DeferredLog [restartedMain] The Class-Path manifest attribute in /Users/toan/.m2/repository/com/sun/xml/bind/jaxb-impl/2.2.3-1/jaxb-impl-2.2.3-1.jar referenced one or more files that do not exist: file:/Users/toan/.m2/repository/com/sun/xml/bind/jaxb-impl/2.2.3-1/jaxb-api.jar,file:/Users/toan/.m2/repository/com/sun/xml/bind/jaxb-impl/2.2.3-1/activation.jar,file:/Users/toan/.m2/repository/com/sun/xml/bind/jaxb-impl/2.2.3-1/jsr173_1.0_api.jar,file:/Users/toan/.m2/repository/com/sun/xml/bind/jaxb-impl/2.2.3-1/jaxb1-impl.jar
2020-05-14 14:40:58,250 INFO o.s.b.l.DeferredLog [restartedMain] Devtools property defaults active! Set 'spring.devtools.add-properties' to 'false' to disable
2020-05-14 14:40:58,251 INFO o.s.b.l.DeferredLog [restartedMain] For additional web related logging consider setting the 'logging.level.web' property to 'DEBUG'
2020-05-14 14:40:59,939 INFO o.s.c.s.PostProcessorRegistrationDelegate$BeanPostProcessorChecker [restartedMain] Bean 'org.springframework.security.access.expression.method.DefaultMethodSecurityExpressionHandler@35c8f9d1' of type [org.springframework.security.access.expression.method.DefaultMethodSecurityExpressionHandler] is not eligible for getting processed by all BeanPostProcessors (for example: not eligible for auto-proxying)
2020-05-14 14:40:59,951 INFO o.s.c.s.PostProcessorRegistrationDelegate$BeanPostProcessorChecker [restartedMain] Bean 'methodSecurityMetadataSource' of type [org.springframework.security.access.method.DelegatingMethodSecurityMetadataSource] is not eligible for getting processed by all BeanPostProcessors (for example: not eligible for auto-proxying)
2020-05-14 14:41:00,457 INFO o.s.b.w.e.t.TomcatWebServer [restartedMain] Tomcat initialized with port(s): 8989 (http)
2020-05-14 14:41:00,488 INFO o.a.j.l.DirectJDKLog [restartedMain] Initializing ProtocolHandler ["http-nio-8989"]
2020-05-14 14:41:00,489 INFO o.a.j.l.DirectJDKLog [restartedMain] Starting service [Tomcat]
2020-05-14 14:41:00,490 INFO o.a.j.l.DirectJDKLog [restartedMain] Starting Servlet engine: [Apache Tomcat/9.0.34]
2020-05-14 14:41:00,602 INFO o.a.j.l.DirectJDKLog [restartedMain] Initializing Spring embedded WebApplicationContext
2020-05-14 14:41:00,602 INFO o.s.b.w.s.c.ServletWebServerApplicationContext [restartedMain] Root WebApplicationContext: initialization completed in 2351 ms
2020-05-14 14:41:01,491 INFO o.s.b.a.e.w.EndpointLinksResolver [restartedMain] Exposing 1 endpoint(s) beneath base path '/actuator'
2020-05-14 14:41:01,532 INFO o.s.s.w.DefaultSecurityFilterChain [restartedMain] Creating filter chain: any request, [org.springframework.security.web.context.request.async.WebAsyncManagerIntegrationFilter@1587a0c5, org.springframework.security.web.context.SecurityContextPersistenceFilter@43c96c2a, org.springframework.security.web.header.HeaderWriterFilter@4177da4b, org.springframework.web.filter.CorsFilter@3e2565a4, org.springframework.security.web.authentication.logout.LogoutFilter@6489db19, org.springframework.security.web.savedrequest.RequestCacheAwareFilter@28a9b452, org.springframework.security.web.servletapi.SecurityContextHolderAwareRequestFilter@58a81294, org.springframework.security.web.authentication.AnonymousAuthenticationFilter@7fe314ff, org.springframework.security.web.session.SessionManagementFilter@3fe05cc7, org.springframework.security.web.access.ExceptionTranslationFilter@76f8bfc3, org.springframework.security.web.access.intercept.FilterSecurityInterceptor@6b95e82c]
2020-05-14 14:41:01,623 INFO o.s.s.c.ExecutorConfigurationSupport [restartedMain] Initializing ExecutorService 'applicationTaskExecutor'
2020-05-14 14:41:01,918 INFO o.s.b.d.a.OptionalLiveReloadServer [restartedMain] LiveReload server is running on port 35729
2020-05-14 14:41:01,952 INFO o.a.j.l.DirectJDKLog [restartedMain] Starting ProtocolHandler ["http-nio-8989"]
2020-05-14 14:41:01,980 INFO o.s.b.w.e.t.TomcatWebServer [restartedMain] Tomcat started on port(s): 8989 (http) with context path ''
2020-05-14 14:41:01,984 INFO o.s.b.StartupInfoLogger [restartedMain] Started Application in 4.446 seconds (JVM running for 6.529)
2020-05-14 14:41:01,988 INFO o.l.s.g.GRpcServerRunner [restartedMain] Starting gRPC Server ...
2020-05-14 14:41:02,014 INFO o.l.s.g.GRpcServerRunner [restartedMain] 'vn.toanhda.springboottemplate.controller.grpc.PingRpc' service has been registered.
2020-05-14 14:41:02,113 INFO o.l.s.g.GRpcServerRunner [restartedMain] gRPC Server started, listening on port 8990.
2020-05-14 14:41:02,428 INFO o.a.j.l.DirectJDKLog [RMI TCP Connection(3)-127.0.0.1] Initializing Spring DispatcherServlet 'dispatcherServlet'
2020-05-14 14:41:02,429 INFO o.s.w.s.FrameworkServlet [RMI TCP Connection(3)-127.0.0.1] Initializing Servlet 'dispatcherServlet'
2020-05-14 14:41:02,443 INFO o.s.w.s.FrameworkServlet [RMI TCP Connection(3)-127.0.0.1] Completed initialization in 13 ms
2020-05-14 14:42:06,157 INFO o.l.s.g.GRpcServerRunner [SpringContextShutdownHook] Shutting down gRPC server ...
2020-05-14 14:42:06,164 INFO o.l.s.g.GRpcServerRunner [SpringContextShutdownHook] gRPC server stopped.
2020-05-14 14:42:06,165 INFO o.s.s.c.ExecutorConfigurationSupport [SpringContextShutdownHook] Shutting down ExecutorService 'applicationTaskExecutor'
