2020-05-14 14:35:49,391 INFO o.s.b.StartupInfoLogger [restartedMain] Starting Application on LAP12580s-MacBook-Pro.local with PID 4344 (/Users/toan/personal/web-admin-template/server/java/springboot-template/target/classes started by toan in /Users/toan/personal/web-admin-template/server/java/springboot-template)
2020-05-14 14:35:49,402 INFO o.s.b.SpringApplication [restartedMain] The following profiles are active: local
2020-05-14 14:35:49,459 INFO o.s.b.l.DeferredLog [restartedMain] The Class-Path manifest attribute in /Users/toan/.m2/repository/com/sun/xml/bind/jaxb-impl/2.2.3-1/jaxb-impl-2.2.3-1.jar referenced one or more files that do not exist: file:/Users/toan/.m2/repository/com/sun/xml/bind/jaxb-impl/2.2.3-1/jaxb-api.jar,file:/Users/toan/.m2/repository/com/sun/xml/bind/jaxb-impl/2.2.3-1/activation.jar,file:/Users/toan/.m2/repository/com/sun/xml/bind/jaxb-impl/2.2.3-1/jsr173_1.0_api.jar,file:/Users/toan/.m2/repository/com/sun/xml/bind/jaxb-impl/2.2.3-1/jaxb1-impl.jar
2020-05-14 14:35:49,459 INFO o.s.b.l.DeferredLog [restartedMain] Devtools property defaults active! Set 'spring.devtools.add-properties' to 'false' to disable
2020-05-14 14:35:49,460 INFO o.s.b.l.DeferredLog [restartedMain] For additional web related logging consider setting the 'logging.level.web' property to 'DEBUG'
2020-05-14 14:35:51,056 INFO o.s.c.s.PostProcessorRegistrationDelegate$BeanPostProcessorChecker [restartedMain] Bean 'org.springframework.security.access.expression.method.DefaultMethodSecurityExpressionHandler@3d0f4ae7' of type [org.springframework.security.access.expression.method.DefaultMethodSecurityExpressionHandler] is not eligible for getting processed by all BeanPostProcessors (for example: not eligible for auto-proxying)
2020-05-14 14:35:51,066 INFO o.s.c.s.PostProcessorRegistrationDelegate$BeanPostProcessorChecker [restartedMain] Bean 'methodSecurityMetadataSource' of type [org.springframework.security.access.method.DelegatingMethodSecurityMetadataSource] is not eligible for getting processed by all BeanPostProcessors (for example: not eligible for auto-proxying)
2020-05-14 14:35:51,379 INFO o.s.b.w.e.t.TomcatWebServer [restartedMain] Tomcat initialized with port(s): 8989 (http)
2020-05-14 14:35:51,391 INFO o.a.j.l.DirectJDKLog [restartedMain] Initializing ProtocolHandler ["http-nio-8989"]
2020-05-14 14:35:51,392 INFO o.a.j.l.DirectJDKLog [restartedMain] Starting service [Tomcat]
2020-05-14 14:35:51,392 INFO o.a.j.l.DirectJDKLog [restartedMain] Starting Servlet engine: [Apache Tomcat/9.0.34]
2020-05-14 14:35:51,463 INFO o.a.j.l.DirectJDKLog [restartedMain] Initializing Spring embedded WebApplicationContext
2020-05-14 14:35:51,463 INFO o.s.b.w.s.c.ServletWebServerApplicationContext [restartedMain] Root WebApplicationContext: initialization completed in 2003 ms
2020-05-14 14:35:52,169 INFO o.s.b.a.e.w.EndpointLinksResolver [restartedMain] Exposing 1 endpoint(s) beneath base path '/actuator'
2020-05-14 14:35:52,229 INFO o.s.s.w.DefaultSecurityFilterChain [restartedMain] Creating filter chain: any request, [org.springframework.security.web.context.request.async.WebAsyncManagerIntegrationFilter@179d91f7, org.springframework.security.web.context.SecurityContextPersistenceFilter@99236a2, org.springframework.security.web.header.HeaderWriterFilter@3341b987, org.springframework.web.filter.CorsFilter@ff3d0fa, org.springframework.security.web.authentication.logout.LogoutFilter@1e5a0468, org.springframework.security.web.savedrequest.RequestCacheAwareFilter@39ab6e83, org.springframework.security.web.servletapi.SecurityContextHolderAwareRequestFilter@7bab551d, org.springframework.security.web.authentication.AnonymousAuthenticationFilter@502f2d9d, org.springframework.security.web.session.SessionManagementFilter@11840a35, org.springframework.security.web.access.ExceptionTranslationFilter@41468ebf, org.springframework.security.web.access.intercept.FilterSecurityInterceptor@46e5f85]
2020-05-14 14:35:52,292 INFO o.s.s.c.ExecutorConfigurationSupport [restartedMain] Initializing ExecutorService 'applicationTaskExecutor'
2020-05-14 14:35:52,533 INFO o.s.b.d.a.OptionalLiveReloadServer [restartedMain] LiveReload server is running on port 35729
2020-05-14 14:35:52,564 INFO o.a.j.l.DirectJDKLog [restartedMain] Starting ProtocolHandler ["http-nio-8989"]
2020-05-14 14:35:52,589 INFO o.s.b.w.e.t.TomcatWebServer [restartedMain] Tomcat started on port(s): 8989 (http) with context path ''
2020-05-14 14:35:52,591 INFO o.s.b.StartupInfoLogger [restartedMain] Started Application in 3.718 seconds (JVM running for 5.121)
2020-05-14 14:35:52,595 INFO o.l.s.g.GRpcServerRunner [restartedMain] Starting gRPC Server ...
2020-05-14 14:35:52,619 INFO o.l.s.g.GRpcServerRunner [restartedMain] 'vn.toanhda.springboottemplate.controller.grpc.PingRpc' service has been registered.
2020-05-14 14:35:52,729 INFO o.l.s.g.GRpcServerRunner [restartedMain] gRPC Server started, listening on port 8990.
2020-05-14 14:35:52,777 INFO o.a.j.l.DirectJDKLog [RMI TCP Connection(2)-127.0.0.1] Initializing Spring DispatcherServlet 'dispatcherServlet'
2020-05-14 14:35:52,778 INFO o.s.w.s.FrameworkServlet [RMI TCP Connection(2)-127.0.0.1] Initializing Servlet 'dispatcherServlet'
2020-05-14 14:35:52,786 INFO o.s.w.s.FrameworkServlet [RMI TCP Connection(2)-127.0.0.1] Completed initialization in 8 ms
2020-05-14 14:40:07,312 INFO o.l.s.g.GRpcServerRunner [SpringContextShutdownHook] Shutting down gRPC server ...
2020-05-14 14:40:07,314 INFO o.l.s.g.GRpcServerRunner [SpringContextShutdownHook] gRPC server stopped.
2020-05-14 14:40:07,314 INFO o.s.s.c.ExecutorConfigurationSupport [SpringContextShutdownHook] Shutting down ExecutorService 'applicationTaskExecutor'
